#! /c/iverilog/bin/vvp
:ivl_version "0.9.7 " "(v0_9_7)";
:vpi_time_precision - 12;
:vpi_module "system";
:vpi_module "v2005_math";
:vpi_module "va_math";
S_0088FEF8 .scope module, "CPU2_tb" "CPU2_tb" 2 4;
 .timescale -9 -12;
v008D4B10_0 .var "clk", 0 0;
S_0088FA30 .scope module, "u_CPU" "CPU" 2 19, 3 22, S_0088FEF8;
 .timescale -9 -12;
L_008D5000 .functor NOT 1, v008CD3B8_0, C4<0>, C4<0>, C4<0>;
L_008D5150 .functor OR 1, v008D2EA8_0, L_008D5000, C4<0>, C4<0>;
L_008D4FC8 .functor AND 1, v008D1DF0_0, L_008D4900, C4<1>, C4<1>;
v008D3008_0 .net "Data_memory_out_Cache_in", 127 0, v008CC890_0; 1 drivers
v008D3690_0 .net "EX_MEM_PC_plus_four_to_fetch", 31 0, C4<zzzzzzzzzzzzzzzzzzzzzzzzzzzzzzzz>; 0 drivers
v008D3168_0 .net "RegWrite_outMem_Wb_Register", 0 0, L_008D5B90; 1 drivers
v008D32C8_0 .net *"_s0", 0 0, L_008D5000; 1 drivers
v008D31C0_0 .net *"_s11", 0 0, L_008D4C70; 1 drivers
v008D3270_0 .net *"_s13", 0 0, L_008D4A08; 1 drivers
v008D3378_0 .net *"_s15", 0 0, L_008D4CC8; 1 drivers
v008D3848_0 .net *"_s19", 0 0, L_008D4900; 1 drivers
v008D3530_0 .net *"_s23", 0 0, L_008D49B0; 1 drivers
v008D33D0_0 .net *"_s25", 0 0, L_008D56C0; 1 drivers
v008D3428_0 .net *"_s37", 29 0, L_008D60B8; 1 drivers
v008D35E0_0 .net *"_s38", 1 0, C4<00>; 1 drivers
v008D3638_0 .net *"_s7", 0 0, L_008D4BC0; 1 drivers
v008D36E8_0 .net *"_s9", 0 0, L_008D4C18; 1 drivers
v008D3740_0 .net "alu_ctr_outAlu_control", 2 0, v008CC5D0_0; 1 drivers
v008D37F0_0 .net "alu_out_outAlu_inEX_Mem_Register", 31 0, v008D2D68_0; 1 drivers
v008D3A58_0 .net "alu_src_outControl_unit", 0 0, v008CC628_0; 1 drivers
v008D3C68_0 .net "branch_outControl_unit", 0 0, v008CC730_0; 1 drivers
v008D3B60_0 .net "cache_hit", 0 0, v008D2EA8_0; 1 drivers
v008D3D70_0 .net "clk", 0 0, v008D4B10_0; 1 drivers
v008D38F8_0 .net "controlSignals_outEX_Mem_Register_inMem_WB_Register", 1 0, L_008D5FB0; 1 drivers
v008D3B08_0 .net "controlSignals_outID_EX_Register_inEX_Mem_Register", 4 0, L_008D4D78; 1 drivers
v008D3950_0 .net "controlUnit_outControlUnit_inID_EX_Register", 9 0, L_008D4B68; 1 drivers
v008D3A00_0 .net "data_out1_outRegister_file_inID_EX_Register", 31 0, v008CD5C8_0; 1 drivers
v008D3CC0_0 .net "data_out2_outRegister_file_inID_EX_Register", 31 0, v008CD410_0; 1 drivers
v008D39A8_0 .net "hit", 0 0, L_008D5150; 1 drivers
v008D3AB0_0 .net "instruction_outFetch_inIF_ID_Register", 31 0, v008CD360_0; 1 drivers
v008D3BB8_0 .net "instruction_outIF_ID_Register", 31 0, v008D2370_0; 1 drivers
v008D3C10_0 .net "isBranch", 0 0, L_008D4FC8; 1 drivers
v008D3D18_0 .net "mem_read_outControl_unit", 0 0, v008CD3B8_0; 1 drivers
v008D4748_0 .net "mem_to_reg_outControl_unit", 0 0, v008CD6D0_0; 1 drivers
v008D48A8_0 .net "mem_write_outControl_unit", 0 0, v008CD7D8_0; 1 drivers
v008D4170_0 .net "nextPC_outFetch_inIF_ID_Register", 31 0, v008CD938_0; 1 drivers
v008D4010_0 .net "nextPC_outIF_ID_Register_inID_EX_Register", 31 0, v008D1F50_0; 1 drivers
v008D40C0_0 .net "opcode_inControlUnit", 5 0, L_008D5EA8; 1 drivers
v008D3EB0_0 .net "outALUot_outMem_WB_Register", 31 0, v008CCA48_0; 1 drivers
v008D4068_0 .net "outALUout_outEX_Mem_Register", 31 0, v008D1EF8_0; 1 drivers
v008D3F08_0 .net "outControlSig_outMem_WB_Register", 1 0, v008CCAA0_0; 1 drivers
v008D4118_0 .net "outControlSignals_outEX_Mem_Register", 4 0, v008D23C8_0; 1 drivers
v008D41C8_0 .net "outControlUnit_outID_EX_Register", 9 0, v008D25D8_0; 1 drivers
v008D4220_0 .net "outDataMemory_inMem_WB_Register", 31 0, v008D2FB0_0; 1 drivers
v008D47A0_0 .net "outDataWriteBack", 31 0, L_008D5A30; 1 drivers
v008D3FB8_0 .net "outMemoryOut_outMem_WB_Register", 31 0, v008CCB50_0; 1 drivers
v008D4278_0 .net "outNextPC_outID_EX_Register", 31 0, v008D20B0_0; 1 drivers
v008D4430_0 .net "outPCBranch_outEX_Mem_Register", 31 0, v008D2528_0; 1 drivers
v008D42D0_0 .net "outRD1_outID_EX_Register", 31 0, v008D2420_0; 1 drivers
v008D4328_0 .net "outRD2_outEX_Mem_Register", 31 0, v008D2580_0; 1 drivers
v008D47F8_0 .net "outRD2_outID_EX_Register", 31 0, v008D2058_0; 1 drivers
v008D4698_0 .net "outSignExt_outID_EX_Register", 31 0, v008D24D0_0; 1 drivers
v008D45E8_0 .net "outWriteReg_outEX_Mem_Register", 4 0, v008D2840_0; 1 drivers
v008D4488_0 .net "outWriteReg_outMem_WB_Register", 4 0, v008CCBA8_0; 1 drivers
v008D4850_0 .net "outZero_outEX_Mem_Register", 0 0, v008D1DF0_0; 1 drivers
v008D3E00_0 .net "out_aluControl_to_alu", 3 0, v008D29F8_0; 1 drivers
v008D4380_0 .net "outadder_outAdder_inEX_Mem_Register", 31 0, L_008D6060; 1 drivers
v008D3F60_0 .net "outrd_outID_EX_Register", 4 0, v008D21B8_0; 1 drivers
v008D43D8_0 .net "outrs2_outID_EX_Register", 4 0, v008D2160_0; 1 drivers
v008D44E0_0 .net "reg_dst_outControl_unit", 0 0, v008CD830_0; 1 drivers
v008D4538_0 .net "reg_write_outControl_unit", 0 0, v008CD678_0; 1 drivers
v008D4590_0 .net "register_file_rd", 4 0, L_008D5980; 1 drivers
v008D4640_0 .net "register_file_rs", 4 0, L_008D5B38; 1 drivers
v008D46F0_0 .net "register_file_rt", 4 0, L_008D5610; 1 drivers
v008D3E58_0 .net "sign_extend_in", 15 0, L_008D5718; 1 drivers
v008D4D20_0 .net "sign_extend_out", 31 0, v008CD308_0; 1 drivers
v008D4A60_0 .net "srcB_outMux_2_1_ALUsrc", 31 0, L_008D5AE0; 1 drivers
v008D4AB8_0 .net "writeReg_outMux_2_1_regDst", 4 0, L_008D5A88; 1 drivers
v008D4958_0 .net "zero_outAlu_inEX_Mem_Register", 0 0, v008D2948_0; 1 drivers
LS_008D4B68_0_0 .concat [ 1 1 1 1], v008CD678_0, v008CD6D0_0, v008CD3B8_0, v008CD7D8_0;
LS_008D4B68_0_4 .concat [ 1 3 1 1], v008CC730_0, v008CC5D0_0, v008CC628_0, v008CD830_0;
L_008D4B68 .concat [ 4 6 0 0], LS_008D4B68_0_0, LS_008D4B68_0_4;
L_008D4BC0 .part v008D25D8_0, 4, 1;
L_008D4C18 .part v008D25D8_0, 3, 1;
L_008D4C70 .part v008D25D8_0, 2, 1;
L_008D4A08 .part v008D25D8_0, 1, 1;
L_008D4CC8 .part v008D25D8_0, 0, 1;
LS_008D4D78_0_0 .concat [ 1 1 1 1], L_008D4CC8, L_008D4A08, L_008D4C70, L_008D4C18;
LS_008D4D78_0_4 .concat [ 1 0 0 0], L_008D4BC0;
L_008D4D78 .concat [ 4 1 0 0], LS_008D4D78_0_0, LS_008D4D78_0_4;
L_008D4900 .part v008D23C8_0, 4, 1;
L_008D49B0 .part v008D25D8_0, 1, 1;
L_008D56C0 .part v008D25D8_0, 0, 1;
L_008D5FB0 .concat [ 1 1 0 0], L_008D56C0, L_008D49B0;
L_008D5E50 .part v008D25D8_0, 9, 1;
L_008D57C8 .part v008D25D8_0, 8, 1;
L_008D6008 .part v008D25D8_0, 5, 3;
L_008D58D0 .part v008D24D0_0, 0, 6;
L_008D60B8 .part v008D24D0_0, 0, 30;
L_008D5928 .concat [ 2 30 0 0], C4<00>, L_008D60B8;
L_008D5B38 .part v008D2370_0, 21, 5;
L_008D5610 .part v008D2370_0, 16, 5;
L_008D5980 .part v008D2370_0, 11, 5;
L_008D5718 .part v008D2370_0, 0, 16;
L_008D5B90 .part v008CCAA0_0, 1, 1;
L_008D5EA8 .part v008D2370_0, 26, 6;
L_008D59D8 .part v008D25D8_0, 0, 1;
L_008D5878 .part v008D23C8_0, 3, 1;
L_008D5CF0 .part v008D25D8_0, 1, 1;
S_0088F2C0 .scope module, "cache" "Cache" 3 129, 4 3, S_0088FA30;
 .timescale -9 -12;
v008D3060_0 .alias "address", 31 0, v008D4068_0;
v008D34D8 .array "cache", 0 7, 153 0;
v008D2E50_0 .alias "clk", 0 0, v008D3D70_0;
v008D2EA8_0 .var "hit", 0 0;
v008D2F58_0 .var/i "i", 31 0;
v008D3588_0 .alias "inData", 127 0, v008D3008_0;
v008D2FB0_0 .var "out", 31 0;
v008D3798_0 .net "writeSig", 0 0, C4<z>; 0 drivers
E_00891938 .event edge, v008CC890_0;
S_0088FE70 .scope module, "finalMux5" "Mux5" 3 142, 5 4, S_0088FA30;
 .timescale -9 -12;
v008D2DF8_0 .alias "A", 4 0, v008D43D8_0;
v008D3110_0 .alias "B", 4 0, v008D3F60_0;
v008D2F00_0 .alias "result", 4 0, v008D4AB8_0;
v008D3320_0 .net "select", 0 0, L_008D5E50; 1 drivers
L_008D5A88 .functor MUXZ 5, v008D2160_0, v008D21B8_0, L_008D5E50, C4<>;
S_0088FDE8 .scope module, "finalMux" "Mux" 3 149, 6 2, S_0088FA30;
 .timescale -9 -12;
v008D38A0_0 .alias "in1", 31 0, v008D47F8_0;
v008D3480_0 .alias "in2", 31 0, v008D4698_0;
v008D3218_0 .alias "out", 31 0, v008D4A60_0;
v008D30B8_0 .net "sel", 0 0, L_008D57C8; 1 drivers
L_008D5AE0 .functor MUXZ 32, v008D2058_0, v008D24D0_0, L_008D57C8, C4<>;
S_0088F128 .scope module, "aluControl" "ALUControl" 3 156, 7 2, S_0088FA30;
 .timescale -9 -12;
v008D29A0_0 .net "ALUOp", 2 0, L_008D6008; 1 drivers
v008D29F8_0 .var "ALUcnt", 3 0;
v008D2A50_0 .net "in1", 5 0, L_008D58D0; 1 drivers
E_00892BB8 .event edge, v008D29A0_0, v008D2A50_0;
S_0088FD60 .scope module, "final_ALU" "ALU" 3 162, 8 2, S_0088FA30;
 .timescale -9 -12;
v008D2C60_0 .alias "aluControl", 3 0, v008D3E00_0;
v008D2CB8_0 .alias "in1", 31 0, v008D42D0_0;
v008D2D10_0 .alias "in2", 31 0, v008D4A60_0;
v008D2D68_0 .var "out", 31 0;
v008D28F0_0 .net "shamt", 4 0, C4<zzzzz>; 0 drivers
v008D2948_0 .var "zero", 0 0;
E_00891CB8 .event edge, v008D2108_0;
E_00891EB8 .event edge, v008D2C60_0, v008D2420_0, v008D2D10_0, v008D28F0_0;
S_0088F0A0 .scope module, "finalAddModule" "AddModule" 3 171, 9 3, S_0088FA30;
 .timescale -9 -12;
v008D2AA8_0 .net "A", 31 0, L_008D5928; 1 drivers
v008D2B58_0 .alias "B", 31 0, v008D4278_0;
v008D2BB0_0 .alias "result", 31 0, v008D4380_0;
L_008D6060 .arith/sum 32, L_008D5928, v008D20B0_0;
S_0088FBC8 .scope module, "ExMemReg" "EXMEMReg" 3 178, 10 4, S_0088FA30;
 .timescale -9 -12;
v008D2108_0 .alias "ALUout", 31 0, v008D37F0_0;
v008D2738_0 .alias "PCBranch", 31 0, v008D4380_0;
v008D1FA8_0 .alias "RD2", 31 0, v008D47F8_0;
v008D2000_0 .alias "clk", 0 0, v008D3D70_0;
v008D2478_0 .alias "controlSignals", 4 0, v008D3B08_0;
v008D2898_0 .alias "hit", 0 0, v008D39A8_0;
v008D1EF8_0 .var "outALUout", 31 0;
v008D23C8_0 .var "outControlSignals", 4 0;
v008D2528_0 .var "outPCBranch", 31 0;
v008D2580_0 .var "outRD2", 31 0;
v008D2840_0 .var "outWriteReg", 4 0;
v008D1DF0_0 .var "outZero", 0 0;
v008D2C08_0 .alias "writeReg", 4 0, v008D4AB8_0;
v008D2B00_0 .alias "zero", 0 0, v008D4958_0;
S_0088F788 .scope module, "IFID_register" "IFIDReg" 3 236, 11 3, S_0088FA30;
 .timescale -9 -12;
v008D1EA0_0 .alias "PCplusFour", 31 0, v008D4170_0;
v008D22C0_0 .alias "clk", 0 0, v008D3D70_0;
v008D2210_0 .alias "hit", 0 0, v008D39A8_0;
v008D27E8_0 .alias "instruction", 31 0, v008D3AB0_0;
v008D2370_0 .var "outInstruction", 31 0;
v008D1F50_0 .var "outNextPC", 31 0;
S_0088FCD8 .scope module, "IDEX_register" "IDEXReg" 3 245, 12 4, S_0088FA30;
 .timescale -9 -12;
v008CDC50_0 .alias "RD1", 31 0, v008D3A00_0;
v008CD8E0_0 .alias "RD2", 31 0, v008D3CC0_0;
v008D1E48_0 .alias "clk", 0 0, v008D3D70_0;
v008D2318_0 .alias "controlUnit", 9 0, v008D3950_0;
v008D2688_0 .alias "hit", 0 0, v008D39A8_0;
v008D26E0_0 .alias "nextPC", 31 0, v008D4010_0;
v008D25D8_0 .var "outControlUnit", 9 0;
v008D20B0_0 .var "outNextPC", 31 0;
v008D2420_0 .var "outRD1", 31 0;
v008D2058_0 .var "outRD2", 31 0;
v008D24D0_0 .var "outSignExt", 31 0;
v008D21B8_0 .var "outrd", 4 0;
v008D2160_0 .var "outrs2", 4 0;
v008D2630_0 .alias "rd", 4 0, v008D4590_0;
v008D2268_0 .alias "rs2", 4 0, v008D46F0_0;
v008D2790_0 .alias "signExt", 31 0, v008D4D20_0;
S_0088F1B0 .scope module, "fetch_stage" "fetch" 3 265, 13 48, S_0088FA30;
 .timescale -9 -12;
v008CCF98_0 .net *"_s0", 32 0, L_008D5D48; 1 drivers
v008CDA40_0 .net *"_s3", 0 0, C4<0>; 1 drivers
v008CDCA8_0 .net *"_s4", 32 0, C4<000000000000000000000000000000100>; 1 drivers
v008CD990_0 .net *"_s6", 32 0, L_008D5DF8; 1 drivers
v008CD9E8_0 .alias "clk", 0 0, v008D3D70_0;
v008CDB48_0 .alias "hit", 0 0, v008D39A8_0;
v008CDD58_0 .alias "in", 31 0, v008D3690_0;
v008CDA98_0 .net "muxpc", 31 0, L_008D5770; 1 drivers
v008CDD00_0 .alias "out", 31 0, v008D3AB0_0;
v008CD938_0 .var "pc_plus_four", 31 0;
v008CDAF0_0 .net "pcim", 31 0, v008CD0A0_0; 1 drivers
v008CDBA0_0 .alias "sel", 0 0, v008D3C10_0;
v008CDBF8_0 .net "temp", 31 0, L_008D5668; 1 drivers
E_00891538 .event edge, v008CD1A8_0;
L_008D5D48 .concat [ 32 1 0 0], v008CD0A0_0, C4<0>;
L_008D5DF8 .arith/sum 33, L_008D5D48, C4<000000000000000000000000000000100>;
L_008D5668 .part L_008D5DF8, 0, 32;
S_0088F700 .scope module, "mux1" "Mux" 13 62, 6 2, S_0088F1B0;
 .timescale -9 -12;
v008CD1A8_0 .alias "in1", 31 0, v008CDBF8_0;
v008CD570_0 .alias "in2", 31 0, v008D3690_0;
v008CD620_0 .alias "out", 31 0, v008CDA98_0;
v008CCF40_0 .alias "sel", 0 0, v008D3C10_0;
L_008D5770 .functor MUXZ 32, L_008D5668, C4<zzzzzzzzzzzzzzzzzzzzzzzzzzzzzzzz>, L_008D4FC8, C4<>;
S_0088F018 .scope module, "pc1" "PC" 13 70, 14 2, S_0088F1B0;
 .timescale -9 -12;
v008CD468_0 .alias "clk", 0 0, v008D3D70_0;
v008CCEE8_0 .alias "hit", 0 0, v008D39A8_0;
v008CCFF0_0 .var/i "i", 31 0;
v008CD4C0_0 .alias "in", 31 0, v008CDA98_0;
v008CD0A0_0 .var "out", 31 0;
S_0088F568 .scope module, "IM1" "InstructionMemory" 13 78, 15 2, S_0088F1B0;
 .timescale -9 -12;
v008CD048_0 .alias "clk", 0 0, v008D3D70_0;
v008CD2B0_0 .alias "in", 31 0, v008CDAF0_0;
v008CCE90 .array "memory", 0 49, 7 0;
v008CD360_0 .var "out", 31 0;
S_0088FB40 .scope module, "registerfile" "RegisterFile" 3 274, 16 2, S_0088FA30;
 .timescale -9 -12;
v008CD150_0 .net "RegWrite", 0 0, L_008D59D8; 1 drivers
v008CD518_0 .alias "clk", 0 0, v008D3D70_0;
v008CD728_0 .var/i "i", 31 0;
v008CD0F8_0 .alias "in", 31 0, v008D47A0_0;
v008CD5C8_0 .var "out1", 31 0;
v008CD410_0 .var "out2", 31 0;
v008CD888_0 .alias "rd", 4 0, v008D4AB8_0;
v008CCE38 .array "registers", 0 31, 31 0;
v008CD258_0 .alias "rs", 4 0, v008D4640_0;
v008CCDE0_0 .alias "rt", 4 0, v008D46F0_0;
S_0088F4E0 .scope module, "sign_extend" "SignExtend" 3 285, 17 2, S_0088FA30;
 .timescale -9 -12;
v008CD200_0 .alias "in", 15 0, v008D3E58_0;
v008CD308_0 .var "out", 31 0;
E_008916B8 .event edge, v008CD200_0;
S_0088F898 .scope module, "control_unit" "ControlUnit" 3 290, 18 3, S_0088FA30;
 .timescale -9 -12;
v008CC5D0_0 .var "aluOp", 2 0;
v008CC628_0 .var "aluSrc", 0 0;
v008CC730_0 .var "branch", 0 0;
v008CD3B8_0 .var "memRead", 0 0;
v008CD6D0_0 .var "memToReg", 0 0;
v008CD7D8_0 .var "memWrite", 0 0;
v008CD780_0 .alias "opCode", 5 0, v008D40C0_0;
v008CD830_0 .var "regDst", 0 0;
v008CD678_0 .var "regWrite", 0 0;
E_008910B8 .event edge, v008CD780_0;
S_00890090 .scope module, "MemWbreg" "MEMWBReg" 3 305, 19 3, S_0088FA30;
 .timescale -9 -12;
v008CC8E8_0 .alias "ALUout", 31 0, v008D4068_0;
v008CC680_0 .alias "MemoryOut", 31 0, v008D4220_0;
v008CC998_0 .alias "clk", 0 0, v008D3D70_0;
v008CC6D8_0 .alias "controlSig", 1 0, v008D38F8_0;
v008CC788_0 .alias "hit", 0 0, v008D39A8_0;
v008CCA48_0 .var "outALUot", 31 0;
v008CCAA0_0 .var "outControlSig", 1 0;
v008CCB50_0 .var "outMemoryOut", 31 0;
v008CCBA8_0 .var "outWriteReg", 4 0;
v008CCD08_0 .alias "writeReg", 4 0, v008D45E8_0;
S_0088FAB8 .scope module, "datamemory" "DataMemory" 3 319, 20 3, S_0088FA30;
 .timescale -9 -12;
v008CC838_0 .alias "address", 31 0, v008D4068_0;
v008CC9F0_0 .var "addressTemp", 31 0;
v008CCC00_0 .alias "clk", 0 0, v008D3D70_0;
v008CCAF8_0 .var "clock", 2 0;
v008CCCB0_0 .alias "inData", 31 0, v008D4328_0;
v008CC7E0 .array "memory", 0 1024, 7 0;
v008CC890_0 .var "out", 127 0;
v008CCC58_0 .net "writeSig", 0 0, L_008D5878; 1 drivers
E_00891198 .event edge, v008CC838_0;
E_00891298 .event posedge, v008CCC00_0;
E_008912B8 .event negedge, v008CCC00_0;
S_0088FF80 .scope module, "wbMux" "Mux" 3 328, 6 2, S_0088FA30;
 .timescale -9 -12;
v0085B4A0_0 .alias "in1", 31 0, v008D3FB8_0;
v009493F0_0 .alias "in2", 31 0, v008D3EB0_0;
v0085D508_0 .alias "out", 31 0, v008D47A0_0;
v008CC940_0 .net "sel", 0 0, L_008D5CF0; 1 drivers
L_008D5A30 .functor MUXZ 32, v008CCB50_0, v008CCA48_0, L_008D5CF0, C4<>;
    .scope S_0088F2C0;
T_0 ;
    %set/v v008D2EA8_0, 1, 1;
    %end;
    .thread T_0;
    .scope S_0088F2C0;
T_1 ;
    %wait E_00891298;
    %ix/load 1, 7, 0;
    %mov 4, 0, 1;
    %jmp/1 T_1.0, 4;
    %load/x1p 8, v008D3060_0, 25;
    %jmp T_1.1;
T_1.0 ;
    %mov 8, 2, 25;
T_1.1 ;
; Save base=8 wid=25 in lookaside.
    %movi 33, 128, 9;
    %ix/load 1, 4, 0;
    %mov 4, 0, 1;
    %jmp/1 T_1.2, 4;
    %load/x1p 42, v008D3060_0, 3;
    %jmp T_1.3;
T_1.2 ;
    %mov 42, 2, 3;
T_1.3 ;
; Save base=42 wid=3 in lookaside.
    %ix/get 3, 42, 3;
    %jmp/1 T_1.4, 4;
    %ix/get/s 0, 33, 9;
T_1.4 ;
    %load/avx.p 33, v008D34D8, 0;
    %load/avx.p 34, v008D34D8, 0;
    %load/avx.p 35, v008D34D8, 0;
    %load/avx.p 36, v008D34D8, 0;
    %load/avx.p 37, v008D34D8, 0;
    %load/avx.p 38, v008D34D8, 0;
    %load/avx.p 39, v008D34D8, 0;
    %load/avx.p 40, v008D34D8, 0;
    %load/avx.p 41, v008D34D8, 0;
    %load/avx.p 42, v008D34D8, 0;
    %load/avx.p 43, v008D34D8, 0;
    %load/avx.p 44, v008D34D8, 0;
    %load/avx.p 45, v008D34D8, 0;
    %load/avx.p 46, v008D34D8, 0;
    %load/avx.p 47, v008D34D8, 0;
    %load/avx.p 48, v008D34D8, 0;
    %load/avx.p 49, v008D34D8, 0;
    %load/avx.p 50, v008D34D8, 0;
    %load/avx.p 51, v008D34D8, 0;
    %load/avx.p 52, v008D34D8, 0;
    %load/avx.p 53, v008D34D8, 0;
    %load/avx.p 54, v008D34D8, 0;
    %load/avx.p 55, v008D34D8, 0;
    %load/avx.p 56, v008D34D8, 0;
    %load/avx.p 57, v008D34D8, 0;
; Save base=33 wid=25 in lookaside.
    %cmp/u 8, 33, 25;
    %jmp/0xz  T_1.5, 4;
    %ix/load 1, 4, 0;
    %mov 4, 0, 1;
    %jmp/1 T_1.7, 4;
    %load/x1p 8, v008D3060_0, 3;
    %jmp T_1.8;
T_1.7 ;
    %mov 8, 2, 3;
T_1.8 ;
; Save base=8 wid=3 in lookaside.
    %ix/get 3, 8, 3;
   %jmp/1 t_0, 4;
   %ix/load 1, 153, 0;
   %set/av v008D34D8, 0, 1;
t_0 ;
T_1.5 ;
    %jmp T_1;
    .thread T_1;
    .scope S_0088F2C0;
T_2 ;
    %set/v v008D2F58_0, 0, 32;
    %end;
    .thread T_2;
    .scope S_0088F2C0;
T_3 ;
    %wait E_00891298;
    %movi 8, 3, 32;
    %load/v 40, v008D2F58_0, 32;
    %cmp/s 8, 40, 32;
    %jmp/0xz  T_3.0, 5;
    %ix/load 1, 7, 0;
    %mov 4, 0, 1;
    %jmp/1 T_3.2, 4;
    %load/x1p 8, v008D3060_0, 25;
    %jmp T_3.3;
T_3.2 ;
    %mov 8, 2, 25;
T_3.3 ;
; Save base=8 wid=25 in lookaside.
    %movi 33, 128, 9;
    %ix/load 1, 4, 0;
    %mov 4, 0, 1;
    %jmp/1 T_3.4, 4;
    %load/x1p 42, v008D3060_0, 3;
    %jmp T_3.5;
T_3.4 ;
    %mov 42, 2, 3;
T_3.5 ;
; Save base=42 wid=3 in lookaside.
    %ix/get 3, 42, 3;
    %jmp/1 T_3.6, 4;
    %ix/get/s 0, 33, 9;
T_3.6 ;
    %load/avx.p 33, v008D34D8, 0;
    %load/avx.p 34, v008D34D8, 0;
    %load/avx.p 35, v008D34D8, 0;
    %load/avx.p 36, v008D34D8, 0;
    %load/avx.p 37, v008D34D8, 0;
    %load/avx.p 38, v008D34D8, 0;
    %load/avx.p 39, v008D34D8, 0;
    %load/avx.p 40, v008D34D8, 0;
    %load/avx.p 41, v008D34D8, 0;
    %load/avx.p 42, v008D34D8, 0;
    %load/avx.p 43, v008D34D8, 0;
    %load/avx.p 44, v008D34D8, 0;
    %load/avx.p 45, v008D34D8, 0;
    %load/avx.p 46, v008D34D8, 0;
    %load/avx.p 47, v008D34D8, 0;
    %load/avx.p 48, v008D34D8, 0;
    %load/avx.p 49, v008D34D8, 0;
    %load/avx.p 50, v008D34D8, 0;
    %load/avx.p 51, v008D34D8, 0;
    %load/avx.p 52, v008D34D8, 0;
    %load/avx.p 53, v008D34D8, 0;
    %load/avx.p 54, v008D34D8, 0;
    %load/avx.p 55, v008D34D8, 0;
    %load/avx.p 56, v008D34D8, 0;
    %load/avx.p 57, v008D34D8, 0;
; Save base=33 wid=25 in lookaside.
    %cmp/u 8, 33, 25;
    %mov 8, 4, 1;
    %movi 12, 153, 9;
    %ix/load 1, 4, 0;
    %mov 4, 0, 1;
    %jmp/1 T_3.7, 4;
    %load/x1p 21, v008D3060_0, 3;
    %jmp T_3.8;
T_3.7 ;
    %mov 21, 2, 3;
T_3.8 ;
; Save base=21 wid=3 in lookaside.
    %ix/get 3, 21, 3;
    %jmp/1 T_3.9, 4;
    %ix/get/s 0, 12, 9;
T_3.9 ;
    %load/avx.p 12, v008D34D8, 0;
    %mov 9, 12, 1; Move signal select into place
    %mov 10, 0, 2;
    %cmpi/u 9, 1, 3;
    %mov 9, 4, 1;
    %and 8, 9, 1;
    %jmp/0xz  T_3.10, 8;
    %set/v v008D2EA8_0, 1, 1;
    %ix/load 1, 2, 0;
    %mov 4, 0, 1;
    %jmp/1 T_3.12, 4;
    %load/x1p 11, v008D3060_0, 2;
    %jmp T_3.13;
T_3.12 ;
    %mov 11, 2, 2;
T_3.13 ;
    %mov 8, 11, 2; Move signal select into place
    %mov 10, 0, 1;
    %cmpi/u 8, 0, 3;
    %jmp/0xz  T_3.14, 4;
    %movi 8, 96, 8;
    %ix/load 1, 4, 0;
    %mov 4, 0, 1;
    %jmp/1 T_3.16, 4;
    %load/x1p 16, v008D3060_0, 3;
    %jmp T_3.17;
T_3.16 ;
    %mov 16, 2, 3;
T_3.17 ;
; Save base=16 wid=3 in lookaside.
    %ix/get 3, 16, 3;
    %jmp/1 T_3.18, 4;
    %ix/get/s 0, 8, 8;
T_3.18 ;
    %load/avx.p 8, v008D34D8, 0;
    %load/avx.p 9, v008D34D8, 0;
    %load/avx.p 10, v008D34D8, 0;
    %load/avx.p 11, v008D34D8, 0;
    %load/avx.p 12, v008D34D8, 0;
    %load/avx.p 13, v008D34D8, 0;
    %load/avx.p 14, v008D34D8, 0;
    %load/avx.p 15, v008D34D8, 0;
    %load/avx.p 16, v008D34D8, 0;
    %load/avx.p 17, v008D34D8, 0;
    %load/avx.p 18, v008D34D8, 0;
    %load/avx.p 19, v008D34D8, 0;
    %load/avx.p 20, v008D34D8, 0;
    %load/avx.p 21, v008D34D8, 0;
    %load/avx.p 22, v008D34D8, 0;
    %load/avx.p 23, v008D34D8, 0;
    %load/avx.p 24, v008D34D8, 0;
    %load/avx.p 25, v008D34D8, 0;
    %load/avx.p 26, v008D34D8, 0;
    %load/avx.p 27, v008D34D8, 0;
    %load/avx.p 28, v008D34D8, 0;
    %load/avx.p 29, v008D34D8, 0;
    %load/avx.p 30, v008D34D8, 0;
    %load/avx.p 31, v008D34D8, 0;
    %load/avx.p 32, v008D34D8, 0;
    %load/avx.p 33, v008D34D8, 0;
    %load/avx.p 34, v008D34D8, 0;
    %load/avx.p 35, v008D34D8, 0;
    %load/avx.p 36, v008D34D8, 0;
    %load/avx.p 37, v008D34D8, 0;
    %load/avx.p 38, v008D34D8, 0;
    %load/avx.p 39, v008D34D8, 0;
; Save base=8 wid=32 in lookaside.
    %set/v v008D2FB0_0, 8, 32;
    %jmp T_3.15;
T_3.14 ;
    %ix/load 1, 2, 0;
    %mov 4, 0, 1;
    %jmp/1 T_3.19, 4;
    %load/x1p 11, v008D3060_0, 2;
    %jmp T_3.20;
T_3.19 ;
    %mov 11, 2, 2;
T_3.20 ;
    %mov 8, 11, 2; Move signal select into place
    %mov 10, 0, 1;
    %cmpi/u 8, 1, 3;
    %jmp/0xz  T_3.21, 4;
    %movi 8, 64, 8;
    %ix/load 1, 4, 0;
    %mov 4, 0, 1;
    %jmp/1 T_3.23, 4;
    %load/x1p 16, v008D3060_0, 3;
    %jmp T_3.24;
T_3.23 ;
    %mov 16, 2, 3;
T_3.24 ;
; Save base=16 wid=3 in lookaside.
    %ix/get 3, 16, 3;
    %jmp/1 T_3.25, 4;
    %ix/get/s 0, 8, 8;
T_3.25 ;
    %load/avx.p 8, v008D34D8, 0;
    %load/avx.p 9, v008D34D8, 0;
    %load/avx.p 10, v008D34D8, 0;
    %load/avx.p 11, v008D34D8, 0;
    %load/avx.p 12, v008D34D8, 0;
    %load/avx.p 13, v008D34D8, 0;
    %load/avx.p 14, v008D34D8, 0;
    %load/avx.p 15, v008D34D8, 0;
    %load/avx.p 16, v008D34D8, 0;
    %load/avx.p 17, v008D34D8, 0;
    %load/avx.p 18, v008D34D8, 0;
    %load/avx.p 19, v008D34D8, 0;
    %load/avx.p 20, v008D34D8, 0;
    %load/avx.p 21, v008D34D8, 0;
    %load/avx.p 22, v008D34D8, 0;
    %load/avx.p 23, v008D34D8, 0;
    %load/avx.p 24, v008D34D8, 0;
    %load/avx.p 25, v008D34D8, 0;
    %load/avx.p 26, v008D34D8, 0;
    %load/avx.p 27, v008D34D8, 0;
    %load/avx.p 28, v008D34D8, 0;
    %load/avx.p 29, v008D34D8, 0;
    %load/avx.p 30, v008D34D8, 0;
    %load/avx.p 31, v008D34D8, 0;
    %load/avx.p 32, v008D34D8, 0;
    %load/avx.p 33, v008D34D8, 0;
    %load/avx.p 34, v008D34D8, 0;
    %load/avx.p 35, v008D34D8, 0;
    %load/avx.p 36, v008D34D8, 0;
    %load/avx.p 37, v008D34D8, 0;
    %load/avx.p 38, v008D34D8, 0;
    %load/avx.p 39, v008D34D8, 0;
; Save base=8 wid=32 in lookaside.
    %set/v v008D2FB0_0, 8, 32;
    %jmp T_3.22;
T_3.21 ;
    %ix/load 1, 2, 0;
    %mov 4, 0, 1;
    %jmp/1 T_3.26, 4;
    %load/x1p 12, v008D3060_0, 2;
    %jmp T_3.27;
T_3.26 ;
    %mov 12, 2, 2;
T_3.27 ;
    %mov 8, 12, 2; Move signal select into place
    %mov 10, 0, 2;
    %cmpi/u 8, 2, 4;
    %jmp/0xz  T_3.28, 4;
    %movi 8, 32, 7;
    %ix/load 1, 4, 0;
    %mov 4, 0, 1;
    %jmp/1 T_3.30, 4;
    %load/x1p 15, v008D3060_0, 3;
    %jmp T_3.31;
T_3.30 ;
    %mov 15, 2, 3;
T_3.31 ;
; Save base=15 wid=3 in lookaside.
    %ix/get 3, 15, 3;
    %jmp/1 T_3.32, 4;
    %ix/get/s 0, 8, 7;
T_3.32 ;
    %load/avx.p 8, v008D34D8, 0;
    %load/avx.p 9, v008D34D8, 0;
    %load/avx.p 10, v008D34D8, 0;
    %load/avx.p 11, v008D34D8, 0;
    %load/avx.p 12, v008D34D8, 0;
    %load/avx.p 13, v008D34D8, 0;
    %load/avx.p 14, v008D34D8, 0;
    %load/avx.p 15, v008D34D8, 0;
    %load/avx.p 16, v008D34D8, 0;
    %load/avx.p 17, v008D34D8, 0;
    %load/avx.p 18, v008D34D8, 0;
    %load/avx.p 19, v008D34D8, 0;
    %load/avx.p 20, v008D34D8, 0;
    %load/avx.p 21, v008D34D8, 0;
    %load/avx.p 22, v008D34D8, 0;
    %load/avx.p 23, v008D34D8, 0;
    %load/avx.p 24, v008D34D8, 0;
    %load/avx.p 25, v008D34D8, 0;
    %load/avx.p 26, v008D34D8, 0;
    %load/avx.p 27, v008D34D8, 0;
    %load/avx.p 28, v008D34D8, 0;
    %load/avx.p 29, v008D34D8, 0;
    %load/avx.p 30, v008D34D8, 0;
    %load/avx.p 31, v008D34D8, 0;
    %load/avx.p 32, v008D34D8, 0;
    %load/avx.p 33, v008D34D8, 0;
    %load/avx.p 34, v008D34D8, 0;
    %load/avx.p 35, v008D34D8, 0;
    %load/avx.p 36, v008D34D8, 0;
    %load/avx.p 37, v008D34D8, 0;
    %load/avx.p 38, v008D34D8, 0;
    %load/avx.p 39, v008D34D8, 0;
; Save base=8 wid=32 in lookaside.
    %set/v v008D2FB0_0, 8, 32;
    %jmp T_3.29;
T_3.28 ;
    %ix/load 1, 2, 0;
    %mov 4, 0, 1;
    %jmp/1 T_3.33, 4;
    %load/x1p 12, v008D3060_0, 2;
    %jmp T_3.34;
T_3.33 ;
    %mov 12, 2, 2;
T_3.34 ;
    %mov 8, 12, 2; Move signal select into place
    %mov 10, 0, 2;
    %cmpi/u 8, 3, 4;
    %jmp/0xz  T_3.35, 4;
    %ix/load 1, 4, 0;
    %mov 4, 0, 1;
    %jmp/1 T_3.37, 4;
    %load/x1p 8, v008D3060_0, 3;
    %jmp T_3.38;
T_3.37 ;
    %mov 8, 2, 3;
T_3.38 ;
; Save base=8 wid=3 in lookaside.
    %ix/get 3, 8, 3;
    %jmp/1 T_3.39, 4;
    %ix/get/s 0, 0, 2;
T_3.39 ;
    %load/avx.p 8, v008D34D8, 0;
    %load/avx.p 9, v008D34D8, 0;
    %load/avx.p 10, v008D34D8, 0;
    %load/avx.p 11, v008D34D8, 0;
    %load/avx.p 12, v008D34D8, 0;
    %load/avx.p 13, v008D34D8, 0;
    %load/avx.p 14, v008D34D8, 0;
    %load/avx.p 15, v008D34D8, 0;
    %load/avx.p 16, v008D34D8, 0;
    %load/avx.p 17, v008D34D8, 0;
    %load/avx.p 18, v008D34D8, 0;
    %load/avx.p 19, v008D34D8, 0;
    %load/avx.p 20, v008D34D8, 0;
    %load/avx.p 21, v008D34D8, 0;
    %load/avx.p 22, v008D34D8, 0;
    %load/avx.p 23, v008D34D8, 0;
    %load/avx.p 24, v008D34D8, 0;
    %load/avx.p 25, v008D34D8, 0;
    %load/avx.p 26, v008D34D8, 0;
    %load/avx.p 27, v008D34D8, 0;
    %load/avx.p 28, v008D34D8, 0;
    %load/avx.p 29, v008D34D8, 0;
    %load/avx.p 30, v008D34D8, 0;
    %load/avx.p 31, v008D34D8, 0;
    %load/avx.p 32, v008D34D8, 0;
    %load/avx.p 33, v008D34D8, 0;
    %load/avx.p 34, v008D34D8, 0;
    %load/avx.p 35, v008D34D8, 0;
    %load/avx.p 36, v008D34D8, 0;
    %load/avx.p 37, v008D34D8, 0;
    %load/avx.p 38, v008D34D8, 0;
    %load/avx.p 39, v008D34D8, 0;
; Save base=8 wid=32 in lookaside.
    %set/v v008D2FB0_0, 8, 32;
T_3.35 ;
T_3.29 ;
T_3.22 ;
T_3.15 ;
T_3.10 ;
    %load/v 8, v008D3060_0, 32;
    %cmp/u 8, 2, 32;
    %jmp/0xz  T_3.40, 4;
    %set/v v008D2EA8_0, 1, 1;
    %jmp T_3.41;
T_3.40 ;
    %set/v v008D2EA8_0, 0, 1;
T_3.41 ;
    %jmp T_3.1;
T_3.0 ;
    %load/v 8, v008D2F58_0, 32;
    %mov 40, 39, 1;
    %addi 8, 1, 33;
    %set/v v008D2F58_0, 8, 32;
T_3.1 ;
    %jmp T_3;
    .thread T_3;
    .scope S_0088F2C0;
T_4 ;
    %wait E_00891938;
    %ix/load 1, 4, 0;
    %mov 4, 0, 1;
    %jmp/1 T_4.0, 4;
    %load/x1p 8, v008D3060_0, 3;
    %jmp T_4.1;
T_4.0 ;
    %mov 8, 2, 3;
T_4.1 ;
; Save base=8 wid=3 in lookaside.
    %ix/get 3, 8, 3;
   %jmp/1 t_1, 4;
   %ix/load 1, 153, 0;
   %set/av v008D34D8, 1, 1;
t_1 ;
    %ix/load 1, 7, 0;
    %mov 4, 0, 1;
    %jmp/1 T_4.2, 4;
    %load/x1p 8, v008D3060_0, 25;
    %jmp T_4.3;
T_4.2 ;
    %mov 8, 2, 25;
T_4.3 ;
; Save base=8 wid=25 in lookaside.
    %ix/load 1, 4, 0;
    %mov 4, 0, 1;
    %jmp/1 T_4.4, 4;
    %load/x1p 33, v008D3060_0, 3;
    %jmp T_4.5;
T_4.4 ;
    %mov 33, 2, 3;
T_4.5 ;
; Save base=33 wid=3 in lookaside.
    %ix/get 3, 33, 3;
   %jmp/1 t_2, 4;
   %ix/load 1, 128, 0;
   %set/av v008D34D8, 8, 25;
t_2 ;
    %load/v 8, v008D3588_0, 128;
    %ix/load 1, 4, 0;
    %mov 4, 0, 1;
    %jmp/1 T_4.6, 4;
    %load/x1p 136, v008D3060_0, 3;
    %jmp T_4.7;
T_4.6 ;
    %mov 136, 2, 3;
T_4.7 ;
; Save base=136 wid=3 in lookaside.
    %ix/get 3, 136, 3;
   %jmp/1 t_3, 4;
   %ix/load 1, 0, 0;
   %set/av v008D34D8, 8, 128;
t_3 ;
    %jmp T_4;
    .thread T_4, $push;
    .scope S_0088F128;
T_5 ;
    %wait E_00892BB8;
    %load/v 8, v008D29A0_0, 3;
    %cmpi/u 8, 0, 3;
    %jmp/0xz  T_5.0, 4;
    %load/v 8, v008D2A50_0, 6;
    %cmpi/u 8, 0, 6;
    %jmp/0xz  T_5.2, 4;
    %set/v v008D29F8_0, 0, 4;
    %jmp T_5.3;
T_5.2 ;
    %load/v 8, v008D2A50_0, 6;
    %cmpi/u 8, 1, 6;
    %jmp/0xz  T_5.4, 4;
    %movi 8, 1, 4;
    %set/v v008D29F8_0, 8, 4;
    %jmp T_5.5;
T_5.4 ;
    %load/v 8, v008D2A50_0, 6;
    %cmpi/u 8, 2, 6;
    %jmp/0xz  T_5.6, 4;
    %movi 8, 5, 4;
    %set/v v008D29F8_0, 8, 4;
    %jmp T_5.7;
T_5.6 ;
    %load/v 8, v008D2A50_0, 6;
    %cmpi/u 8, 3, 6;
    %jmp/0xz  T_5.8, 4;
    %movi 8, 6, 4;
    %set/v v008D29F8_0, 8, 4;
    %jmp T_5.9;
T_5.8 ;
    %load/v 8, v008D2A50_0, 6;
    %cmpi/u 8, 4, 6;
    %jmp/0xz  T_5.10, 4;
    %movi 8, 7, 4;
    %set/v v008D29F8_0, 8, 4;
    %jmp T_5.11;
T_5.10 ;
    %load/v 8, v008D2A50_0, 6;
    %cmpi/u 8, 5, 6;
    %jmp/0xz  T_5.12, 4;
    %movi 8, 3, 4;
    %set/v v008D29F8_0, 8, 4;
    %jmp T_5.13;
T_5.12 ;
    %load/v 8, v008D2A50_0, 6;
    %cmpi/u 8, 6, 6;
    %jmp/0xz  T_5.14, 4;
    %movi 8, 4, 4;
    %set/v v008D29F8_0, 8, 4;
    %jmp T_5.15;
T_5.14 ;
    %load/v 8, v008D2A50_0, 6;
    %cmpi/u 8, 7, 6;
    %jmp/0xz  T_5.16, 4;
    %movi 8, 2, 4;
    %set/v v008D29F8_0, 8, 4;
T_5.16 ;
T_5.15 ;
T_5.13 ;
T_5.11 ;
T_5.9 ;
T_5.7 ;
T_5.5 ;
T_5.3 ;
    %jmp T_5.1;
T_5.0 ;
    %load/v 8, v008D29A0_0, 3;
    %cmpi/u 8, 1, 3;
    %jmp/0xz  T_5.18, 4;
    %movi 8, 1, 4;
    %set/v v008D29F8_0, 8, 4;
    %jmp T_5.19;
T_5.18 ;
    %load/v 8, v008D29A0_0, 3;
    %cmpi/u 8, 2, 3;
    %jmp/0xz  T_5.20, 4;
    %movi 8, 7, 4;
    %set/v v008D29F8_0, 8, 4;
    %jmp T_5.21;
T_5.20 ;
    %load/v 8, v008D29A0_0, 3;
    %cmpi/u 8, 3, 3;
    %jmp/0xz  T_5.22, 4;
    %set/v v008D29F8_0, 0, 4;
T_5.22 ;
T_5.21 ;
T_5.19 ;
T_5.1 ;
    %jmp T_5;
    .thread T_5, $push;
    .scope S_0088FD60;
T_6 ;
    %wait E_00891EB8;
    %load/v 8, v008D2C60_0, 4;
    %cmpi/u 8, 0, 4;
    %jmp/0xz  T_6.0, 4;
    %load/v 8, v008D2CB8_0, 32;
    %load/v 40, v008D2D10_0, 32;
    %add 8, 40, 32;
    %set/v v008D2D68_0, 8, 32;
    %jmp T_6.1;
T_6.0 ;
    %load/v 8, v008D2C60_0, 4;
    %cmpi/u 8, 1, 4;
    %jmp/0xz  T_6.2, 4;
    %load/v 8, v008D2CB8_0, 32;
    %load/v 40, v008D2D10_0, 32;
    %sub 8, 40, 32;
    %set/v v008D2D68_0, 8, 32;
    %jmp T_6.3;
T_6.2 ;
    %load/v 8, v008D2C60_0, 4;
    %cmpi/u 8, 2, 4;
    %jmp/0xz  T_6.4, 4;
    %load/v 8, v008D2CB8_0, 32;
    %inv 8, 32;
    %set/v v008D2D68_0, 8, 32;
    %jmp T_6.5;
T_6.4 ;
    %load/v 8, v008D2C60_0, 4;
    %cmpi/u 8, 3, 4;
    %jmp/0xz  T_6.6, 4;
    %load/v 8, v008D2CB8_0, 32;
    %load/v 40, v008D28F0_0, 5;
    %ix/get 0, 40, 5;
    %shiftl/i0  8, 32;
    %set/v v008D2D68_0, 8, 32;
    %jmp T_6.7;
T_6.6 ;
    %load/v 8, v008D2C60_0, 4;
    %cmpi/u 8, 4, 4;
    %jmp/0xz  T_6.8, 4;
    %load/v 8, v008D2CB8_0, 32;
    %load/v 40, v008D28F0_0, 5;
    %ix/get 0, 40, 5;
    %shiftr/i0  8, 32;
    %set/v v008D2D68_0, 8, 32;
    %jmp T_6.9;
T_6.8 ;
    %load/v 8, v008D2C60_0, 4;
    %cmpi/u 8, 5, 4;
    %jmp/0xz  T_6.10, 4;
    %load/v 8, v008D2CB8_0, 32;
    %load/v 40, v008D2D10_0, 32;
    %and 8, 40, 32;
    %set/v v008D2D68_0, 8, 32;
    %jmp T_6.11;
T_6.10 ;
    %load/v 8, v008D2C60_0, 4;
    %cmpi/u 8, 6, 4;
    %jmp/0xz  T_6.12, 4;
    %load/v 8, v008D2CB8_0, 32;
    %load/v 40, v008D2D10_0, 32;
    %or 8, 40, 32;
    %set/v v008D2D68_0, 8, 32;
    %jmp T_6.13;
T_6.12 ;
    %load/v 8, v008D2C60_0, 4;
    %cmpi/u 8, 7, 4;
    %jmp/0xz  T_6.14, 4;
    %load/v 8, v008D2CB8_0, 32;
    %load/v 40, v008D2D10_0, 32;
    %cmp/u 8, 40, 32;
    %jmp/0xz  T_6.16, 5;
    %movi 8, 1, 32;
    %set/v v008D2D68_0, 8, 32;
    %jmp T_6.17;
T_6.16 ;
    %set/v v008D2D68_0, 0, 32;
T_6.17 ;
T_6.14 ;
T_6.13 ;
T_6.11 ;
T_6.9 ;
T_6.7 ;
T_6.5 ;
T_6.3 ;
T_6.1 ;
    %jmp T_6;
    .thread T_6, $push;
    .scope S_0088FD60;
T_7 ;
    %wait E_00891CB8;
    %load/v 8, v008D2D68_0, 32;
    %cmpi/u 8, 0, 32;
    %jmp/0xz  T_7.0, 4;
    %set/v v008D2948_0, 1, 1;
    %jmp T_7.1;
T_7.0 ;
    %set/v v008D2948_0, 0, 1;
T_7.1 ;
    %jmp T_7;
    .thread T_7, $push;
    .scope S_0088FBC8;
T_8 ;
    %wait E_00891298;
    %load/v 8, v008D2898_0, 1;
    %mov 9, 0, 1;
    %cmpi/u 8, 0, 2;
    %inv 6, 1;
    %jmp/0xz  T_8.0, 6;
    %load/v 8, v008D2108_0, 32;
    %ix/load 0, 32, 0;
    %assign/v0 v008D1EF8_0, 0, 8;
    %load/v 8, v008D1FA8_0, 32;
    %ix/load 0, 32, 0;
    %assign/v0 v008D2580_0, 0, 8;
    %load/v 8, v008D2738_0, 32;
    %ix/load 0, 32, 0;
    %assign/v0 v008D2528_0, 0, 8;
    %load/v 8, v008D2C08_0, 5;
    %ix/load 0, 5, 0;
    %assign/v0 v008D2840_0, 0, 8;
    %load/v 8, v008D2478_0, 5;
    %ix/load 0, 5, 0;
    %assign/v0 v008D23C8_0, 0, 8;
    %load/v 8, v008D2B00_0, 1;
    %ix/load 0, 1, 0;
    %assign/v0 v008D1DF0_0, 0, 8;
T_8.0 ;
    %jmp T_8;
    .thread T_8;
    .scope S_0088F788;
T_9 ;
    %wait E_00891298;
    %load/v 8, v008D2210_0, 1;
    %mov 9, 0, 1;
    %cmpi/u 8, 0, 2;
    %inv 6, 1;
    %jmp/0xz  T_9.0, 6;
    %load/v 8, v008D27E8_0, 32;
    %ix/load 0, 32, 0;
    %assign/v0 v008D2370_0, 0, 8;
    %load/v 8, v008D1EA0_0, 32;
    %ix/load 0, 32, 0;
    %assign/v0 v008D1F50_0, 0, 8;
T_9.0 ;
    %jmp T_9;
    .thread T_9;
    .scope S_0088FCD8;
T_10 ;
    %wait E_00891298;
    %load/v 8, v008D2688_0, 1;
    %mov 9, 0, 1;
    %cmpi/u 8, 0, 2;
    %inv 6, 1;
    %jmp/0xz  T_10.0, 6;
    %load/v 8, v008D26E0_0, 32;
    %ix/load 0, 32, 0;
    %assign/v0 v008D20B0_0, 0, 8;
    %load/v 8, v008D2790_0, 32;
    %ix/load 0, 32, 0;
    %assign/v0 v008D24D0_0, 0, 8;
    %load/v 8, v008CDC50_0, 32;
    %ix/load 0, 32, 0;
    %assign/v0 v008D2420_0, 0, 8;
    %load/v 8, v008CD8E0_0, 32;
    %ix/load 0, 32, 0;
    %assign/v0 v008D2058_0, 0, 8;
    %load/v 8, v008D2630_0, 5;
    %ix/load 0, 5, 0;
    %assign/v0 v008D21B8_0, 0, 8;
    %load/v 8, v008D2268_0, 5;
    %ix/load 0, 5, 0;
    %assign/v0 v008D2160_0, 0, 8;
    %load/v 8, v008D2318_0, 10;
    %ix/load 0, 10, 0;
    %assign/v0 v008D25D8_0, 0, 8;
T_10.0 ;
    %jmp T_10;
    .thread T_10;
    .scope S_0088F018;
T_11 ;
    %set/v v008CD0A0_0, 0, 32;
    %set/v v008CCFF0_0, 0, 32;
    %end;
    .thread T_11;
    .scope S_0088F018;
T_12 ;
    %wait E_00891298;
    %movi 8, 3, 32;
    %load/v 40, v008CCFF0_0, 32;
    %cmp/s 8, 40, 32;
    %jmp/0xz  T_12.0, 5;
    %load/v 8, v008CD4C0_0, 32;
    %cmp/u 8, 2, 32;
    %mov 8, 6, 1;
    %load/v 9, v008CD4C0_0, 32;
    %cmp/u 9, 3, 32;
    %or 8, 6, 1;
    %jmp/0xz  T_12.2, 8;
    %set/v v008CD0A0_0, 0, 32;
T_12.2 ;
    %load/v 8, v008CCEE8_0, 1;
    %mov 9, 0, 2;
    %cmpi/u 8, 1, 3;
    %jmp/0xz  T_12.4, 6;
    %load/v 8, v008CD4C0_0, 32;
    %set/v v008CD0A0_0, 8, 32;
T_12.4 ;
    %jmp T_12.1;
T_12.0 ;
    %load/v 8, v008CCFF0_0, 32;
    %mov 40, 39, 1;
    %addi 8, 1, 33;
    %set/v v008CCFF0_0, 8, 32;
    %load/v 8, v008CD0A0_0, 32;
    %mov 40, 0, 1;
    %addi 8, 4, 33;
    %set/v v008CD0A0_0, 8, 32;
T_12.1 ;
    %jmp T_12;
    .thread T_12;
    .scope S_0088F568;
T_13 ;
    %vpi_call 15 8 "$readmemb", "input.txt", v008CCE90, 1'sb0, 7'sb0110001;
    %end;
    .thread T_13;
    .scope S_0088F568;
T_14 ;
    %wait E_00891298;
    %ix/load 0, 3, 0;
    %load/vp0 40, v008CD2B0_0, 32;
    %ix/get 3, 40, 32;
    %load/av 8, v008CCE90, 8;
    %ix/load 0, 2, 0;
    %load/vp0 40, v008CD2B0_0, 32;
    %ix/get 3, 40, 32;
    %load/av 16, v008CCE90, 8;
    %ix/load 0, 1, 0;
    %load/vp0 40, v008CD2B0_0, 32;
    %ix/get 3, 40, 32;
    %load/av 24, v008CCE90, 8;
    %ix/getv 3, v008CD2B0_0;
    %load/av 32, v008CCE90, 8;
    %set/v v008CD360_0, 8, 32;
    %jmp T_14;
    .thread T_14;
    .scope S_0088F1B0;
T_15 ;
    %wait E_00891538;
    %load/v 8, v008CDBF8_0, 32;
    %ix/load 0, 32, 0;
    %assign/v0 v008CD938_0, 0, 8;
    %jmp T_15;
    .thread T_15, $push;
    .scope S_0088FB40;
T_16 ;
    %wait E_00891298;
    %ix/getv 3, v008CD258_0;
    %load/av 8, v008CCE38, 32;
    %ix/load 0, 32, 0;
    %assign/v0 v008CD5C8_0, 0, 8;
    %ix/getv 3, v008CCDE0_0;
    %load/av 8, v008CCE38, 32;
    %ix/load 0, 32, 0;
    %assign/v0 v008CD410_0, 0, 8;
    %jmp T_16;
    .thread T_16;
    .scope S_0088FB40;
T_17 ;
    %wait E_008912B8;
    %load/v 8, v008CD150_0, 1;
    %jmp/0xz  T_17.0, 8;
    %load/v 8, v008CD0F8_0, 32;
    %ix/getv 3, v008CD888_0;
   %jmp/1 t_4, 4;
   %ix/load 1, 0, 0;
   %set/av v008CCE38, 8, 32;
t_4 ;
T_17.0 ;
    %jmp T_17;
    .thread T_17;
    .scope S_0088FB40;
T_18 ;
    %set/v v008CD728_0, 0, 32;
T_18.0 ;
    %load/v 8, v008CD728_0, 32;
   %cmpi/s 8, 32, 32;
    %jmp/0xz T_18.1, 5;
    %load/v 8, v008CD728_0, 32;
    %ix/getv/s 3, v008CD728_0;
   %jmp/1 t_5, 4;
   %ix/load 1, 0, 0;
   %set/av v008CCE38, 8, 32;
t_5 ;
    %ix/load 0, 1, 0;
    %load/vp0/s 8, v008CD728_0, 32;
    %set/v v008CD728_0, 8, 32;
    %jmp T_18.0;
T_18.1 ;
    %end;
    .thread T_18;
    .scope S_0088F4E0;
T_19 ;
    %wait E_008916B8;
    %ix/load 1, 15, 0;
    %mov 4, 0, 1;
    %jmp/1 T_19.0, 4;
    %load/x1p 10, v008CD200_0, 1;
    %jmp T_19.1;
T_19.0 ;
    %mov 10, 2, 1;
T_19.1 ;
    %mov 8, 10, 1; Move signal select into place
    %mov 9, 0, 1;
    %cmpi/u 8, 0, 2;
    %jmp/0xz  T_19.2, 4;
    %load/v 8, v008CD200_0, 16;
    %mov 24, 0, 16;
    %set/v v008CD308_0, 8, 32;
    %jmp T_19.3;
T_19.2 ;
    %ix/load 1, 15, 0;
    %mov 4, 0, 1;
    %jmp/1 T_19.4, 4;
    %load/x1p 11, v008CD200_0, 1;
    %jmp T_19.5;
T_19.4 ;
    %mov 11, 2, 1;
T_19.5 ;
    %mov 8, 11, 1; Move signal select into place
    %mov 9, 0, 2;
    %cmpi/u 8, 1, 3;
    %jmp/0xz  T_19.6, 4;
    %load/v 8, v008CD200_0, 16;
    %mov 24, 1, 16;
    %set/v v008CD308_0, 8, 32;
T_19.6 ;
T_19.3 ;
    %jmp T_19;
    .thread T_19, $push;
    .scope S_0088F898;
T_20 ;
    %set/v v008CD830_0, 0, 1;
    %set/v v008CC628_0, 0, 1;
    %set/v v008CD6D0_0, 0, 1;
    %set/v v008CD678_0, 0, 1;
    %set/v v008CD3B8_0, 0, 1;
    %set/v v008CD7D8_0, 0, 1;
    %set/v v008CC730_0, 0, 1;
    %set/v v008CC5D0_0, 0, 3;
    %end;
    .thread T_20;
    .scope S_0088F898;
T_21 ;
    %wait E_008910B8;
    %load/v 8, v008CD780_0, 6;
    %cmpi/u 8, 0, 6;
    %jmp/0xz  T_21.0, 4;
    %set/v v008CD830_0, 1, 1;
    %set/v v008CC628_0, 0, 1;
    %set/v v008CD6D0_0, 0, 1;
    %set/v v008CD678_0, 1, 1;
    %set/v v008CD3B8_0, 0, 1;
    %set/v v008CD7D8_0, 0, 1;
    %set/v v008CC730_0, 0, 1;
    %set/v v008CC5D0_0, 0, 3;
T_21.0 ;
    %load/v 8, v008CD780_0, 6;
    %cmpi/u 8, 4, 6;
    %jmp/0xz  T_21.2, 4;
    %set/v v008CD830_0, 0, 1;
    %set/v v008CC628_0, 1, 1;
    %set/v v008CD6D0_0, 1, 1;
    %set/v v008CD678_0, 1, 1;
    %set/v v008CD3B8_0, 1, 1;
    %set/v v008CD7D8_0, 0, 1;
    %set/v v008CC730_0, 0, 1;
    %movi 8, 3, 3;
    %set/v v008CC5D0_0, 8, 3;
T_21.2 ;
    %load/v 8, v008CD780_0, 6;
    %cmpi/u 8, 5, 6;
    %jmp/0xz  T_21.4, 4;
    %set/v v008CD830_0, 0, 1;
    %set/v v008CC628_0, 1, 1;
    %set/v v008CD6D0_0, 0, 1;
    %set/v v008CD678_0, 0, 1;
    %set/v v008CD3B8_0, 0, 1;
    %set/v v008CD7D8_0, 1, 1;
    %set/v v008CC730_0, 0, 1;
    %movi 8, 3, 3;
    %set/v v008CC5D0_0, 8, 3;
T_21.4 ;
    %load/v 8, v008CD780_0, 6;
    %cmpi/u 8, 7, 6;
    %jmp/0xz  T_21.6, 4;
    %set/v v008CD830_0, 0, 1;
    %set/v v008CC628_0, 1, 1;
    %set/v v008CD6D0_0, 0, 1;
    %set/v v008CD678_0, 1, 1;
    %set/v v008CD3B8_0, 0, 1;
    %set/v v008CD7D8_0, 0, 1;
    %set/v v008CC730_0, 0, 1;
    %movi 8, 3, 3;
    %set/v v008CC5D0_0, 8, 3;
T_21.6 ;
    %load/v 8, v008CD780_0, 6;
    %cmpi/u 8, 6, 6;
    %jmp/0xz  T_21.8, 4;
    %set/v v008CD830_0, 0, 1;
    %set/v v008CC628_0, 0, 1;
    %set/v v008CD6D0_0, 0, 1;
    %set/v v008CD678_0, 0, 1;
    %set/v v008CD3B8_0, 0, 1;
    %set/v v008CD7D8_0, 0, 1;
    %set/v v008CC730_0, 1, 1;
    %movi 8, 1, 3;
    %set/v v008CC5D0_0, 8, 3;
T_21.8 ;
    %load/v 8, v008CD780_0, 6;
    %cmpi/u 8, 1, 6;
    %jmp/0xz  T_21.10, 4;
    %set/v v008CD830_0, 0, 1;
    %set/v v008CC628_0, 1, 1;
    %set/v v008CD6D0_0, 0, 1;
    %set/v v008CD678_0, 1, 1;
    %set/v v008CD3B8_0, 0, 1;
    %set/v v008CD7D8_0, 0, 1;
    %set/v v008CC730_0, 0, 1;
    %movi 8, 2, 3;
    %set/v v008CC5D0_0, 8, 3;
T_21.10 ;
    %jmp T_21;
    .thread T_21, $push;
    .scope S_00890090;
T_22 ;
    %wait E_00891298;
    %load/v 8, v008CC788_0, 1;
    %mov 9, 0, 1;
    %cmpi/u 8, 0, 2;
    %inv 6, 1;
    %jmp/0xz  T_22.0, 6;
    %load/v 8, v008CC8E8_0, 32;
    %ix/load 0, 32, 0;
    %assign/v0 v008CCA48_0, 0, 8;
    %load/v 8, v008CC680_0, 32;
    %ix/load 0, 32, 0;
    %assign/v0 v008CCB50_0, 0, 8;
    %load/v 8, v008CCD08_0, 5;
    %ix/load 0, 5, 0;
    %assign/v0 v008CCBA8_0, 0, 8;
    %load/v 8, v008CC6D8_0, 2;
    %ix/load 0, 2, 0;
    %assign/v0 v008CCAA0_0, 0, 8;
T_22.0 ;
    %jmp T_22;
    .thread T_22;
    .scope S_0088FAB8;
T_23 ;
    %set/v v008CCAF8_0, 0, 3;
    %end;
    .thread T_23;
    .scope S_0088FAB8;
T_24 ;
    %wait E_008912B8;
    %load/v 8, v008CCC58_0, 1;
    %jmp/0xz  T_24.0, 8;
    %ix/load 1, 24, 0;
    %mov 4, 0, 1;
    %jmp/1 T_24.2, 4;
    %load/x1p 8, v008CCCB0_0, 8;
    %jmp T_24.3;
T_24.2 ;
    %mov 8, 2, 8;
T_24.3 ;
; Save base=8 wid=8 in lookaside.
    %ix/getv 3, v008CC838_0;
   %jmp/1 t_6, 4;
   %ix/load 1, 0, 0;
   %set/av v008CC7E0, 8, 8;
t_6 ;
    %ix/load 1, 16, 0;
    %mov 4, 0, 1;
    %jmp/1 T_24.4, 4;
    %load/x1p 8, v008CCCB0_0, 8;
    %jmp T_24.5;
T_24.4 ;
    %mov 8, 2, 8;
T_24.5 ;
; Save base=8 wid=8 in lookaside.
    %ix/load 0, 1, 0;
    %load/vp0 16, v008CC838_0, 32;
    %ix/get 3, 16, 32;
   %jmp/1 t_7, 4;
   %ix/load 1, 0, 0;
   %set/av v008CC7E0, 8, 8;
t_7 ;
    %ix/load 1, 8, 0;
    %mov 4, 0, 1;
    %jmp/1 T_24.6, 4;
    %load/x1p 8, v008CCCB0_0, 8;
    %jmp T_24.7;
T_24.6 ;
    %mov 8, 2, 8;
T_24.7 ;
; Save base=8 wid=8 in lookaside.
    %ix/load 0, 2, 0;
    %load/vp0 16, v008CC838_0, 32;
    %ix/get 3, 16, 32;
   %jmp/1 t_8, 4;
   %ix/load 1, 0, 0;
   %set/av v008CC7E0, 8, 8;
t_8 ;
    %load/v 8, v008CCCB0_0, 8; Only need 8 of 32 bits
; Save base=8 wid=8 in lookaside.
    %ix/load 0, 3, 0;
    %load/vp0 16, v008CC838_0, 32;
    %ix/get 3, 16, 32;
   %jmp/1 t_9, 4;
   %ix/load 1, 0, 0;
   %set/av v008CC7E0, 8, 8;
t_9 ;
T_24.0 ;
    %jmp T_24;
    .thread T_24;
    .scope S_0088FAB8;
T_25 ;
    %wait E_00891298;
    %load/v 8, v008CC838_0, 32;
    %set/v v008CC9F0_0, 8, 32;
    %load/v 8, v008CCAF8_0, 3;
    %mov 11, 0, 29;
    %addi 8, 1, 32;
    %set/v v008CCAF8_0, 8, 3;
    %load/v 8, v008CCAF8_0, 3;
    %mov 11, 0, 2;
    %cmpi/u 8, 5, 5;
    %jmp/0xz  T_25.0, 4;
    %ix/load 0, 0, 0;
    %set/x0 v008CC9F0_0, 0, 4;
    %ix/load 0, 15, 0;
    %load/vp0 136, v008CC9F0_0, 32;
    %ix/get 3, 136, 32;
    %load/av 8, v008CC7E0, 8;
    %ix/load 0, 14, 0;
    %load/vp0 136, v008CC9F0_0, 32;
    %ix/get 3, 136, 32;
    %load/av 16, v008CC7E0, 8;
    %ix/load 0, 13, 0;
    %load/vp0 136, v008CC9F0_0, 32;
    %ix/get 3, 136, 32;
    %load/av 24, v008CC7E0, 8;
    %ix/load 0, 12, 0;
    %load/vp0 136, v008CC9F0_0, 32;
    %ix/get 3, 136, 32;
    %load/av 32, v008CC7E0, 8;
    %ix/load 0, 11, 0;
    %load/vp0 136, v008CC9F0_0, 32;
    %ix/get 3, 136, 32;
    %load/av 40, v008CC7E0, 8;
    %ix/load 0, 10, 0;
    %load/vp0 136, v008CC9F0_0, 32;
    %ix/get 3, 136, 32;
    %load/av 48, v008CC7E0, 8;
    %ix/load 0, 9, 0;
    %load/vp0 136, v008CC9F0_0, 32;
    %ix/get 3, 136, 32;
    %load/av 56, v008CC7E0, 8;
    %ix/load 0, 8, 0;
    %load/vp0 136, v008CC9F0_0, 32;
    %ix/get 3, 136, 32;
    %load/av 64, v008CC7E0, 8;
    %ix/load 0, 7, 0;
    %load/vp0 136, v008CC9F0_0, 32;
    %ix/get 3, 136, 32;
    %load/av 72, v008CC7E0, 8;
    %ix/load 0, 6, 0;
    %load/vp0 136, v008CC9F0_0, 32;
    %ix/get 3, 136, 32;
    %load/av 80, v008CC7E0, 8;
    %ix/load 0, 5, 0;
    %load/vp0 136, v008CC9F0_0, 32;
    %ix/get 3, 136, 32;
    %load/av 88, v008CC7E0, 8;
    %ix/load 0, 4, 0;
    %load/vp0 136, v008CC9F0_0, 32;
    %ix/get 3, 136, 32;
    %load/av 96, v008CC7E0, 8;
    %ix/load 0, 3, 0;
    %load/vp0 136, v008CC9F0_0, 32;
    %ix/get 3, 136, 32;
    %load/av 104, v008CC7E0, 8;
    %ix/load 0, 2, 0;
    %load/vp0 136, v008CC9F0_0, 32;
    %ix/get 3, 136, 32;
    %load/av 112, v008CC7E0, 8;
    %ix/load 0, 1, 0;
    %load/vp0 136, v008CC9F0_0, 32;
    %ix/get 3, 136, 32;
    %load/av 120, v008CC7E0, 8;
    %ix/getv 3, v008CC9F0_0;
    %load/av 128, v008CC7E0, 8;
    %set/v v008CC890_0, 8, 128;
T_25.0 ;
    %jmp T_25;
    .thread T_25;
    .scope S_0088FAB8;
T_26 ;
    %wait E_00891198;
    %set/v v008CCAF8_0, 0, 3;
    %jmp T_26;
    .thread T_26, $push;
    .scope S_0088FEF8;
T_27 ;
    %set/v v008D4B10_0, 0, 1;
    %end;
    .thread T_27;
    .scope S_0088FEF8;
T_28 ;
    %vpi_call 2 15 "$dumpfile", "CPU2.vcd";
    %vpi_call 2 16 "$dumpvars", 1'sb0, S_0088FEF8;
    %end;
    .thread T_28;
    .scope S_0088FEF8;
T_29 ;
    %set/v v008D4B10_0, 0, 1;
    %delay 2000000, 0;
    %vpi_call 2 28 "$finish";
    %end;
    .thread T_29;
    .scope S_0088FEF8;
T_30 ;
    %delay 10000, 0;
    %load/v 8, v008D4B10_0, 1;
    %inv 8, 1;
    %set/v v008D4B10_0, 8, 1;
    %jmp T_30;
    .thread T_30;
# The file index is used to find the file name in the following table.
:file_names 21;
    "N/A";
    "<interactive>";
    "CPU2_tb.v";
    "./CPU2.v";
    "./Cache.v";
    "./Mux5.v";
    "./Mux.v";
    "./ALUControl.v";
    "./ALU.v";
    "./AddModule.v";
    "./EXMEMReg.v";
    "./IFIDReg.v";
    "./IDEXReg.v";
    "./fetch.v";
    "./PC.v";
    "./InstructionMemory.v";
    "./RegisterFile.v";
    "./SignExtend.v";
    "./ControlUnit.v";
    "./MEMWBReg.v";
    "./DataMemory.v";
